{
  "RSpec": {
    "coverage": {
      "/Users/ben.smith.gordon/Desktop/RateMyBook/spec/book_spec.rb": [
        1,
        null,
        null,
        1,
        1,
        1,
        1,
        null,
        null,
        1,
        1,
        1,
        null,
        null,
        1,
        null,
        null,
        null,
        null,
        null,
        1,
        null,
        null,
        null,
        null,
        1,
        1,
        1,
        1,
        null,
        null,
        null,
        1,
        1,
        1,
        1,
        null,
        1,
        null,
        null,
        null,
        1,
        1,
        1,
        1,
        1,
        1,
        null,
        1,
        null,
        null,
        null,
        1,
        1,
        1,
        1,
        null,
        1,
        1,
        1,
        1,
        null,
        1,
        1,
        1,
        1,
        1,
        1,
        null,
        null,
        null,
        null
      ],
      "/Users/ben.smith.gordon/Desktop/RateMyBook/spec/features/authentication_spec.rb": [
        1,
        1,
        1,
        1,
        1,
        null,
        null,
        1,
        1,
        1,
        1,
        1,
        null,
        null,
        1,
        1,
        1,
        1,
        1,
        null,
        null
      ],
      "/Users/ben.smith.gordon/Desktop/RateMyBook/spec/features/creating_books_spec.rb": [
        1,
        1,
        1,
        1,
        1,
        1,
        1,
        1,
        null,
        null
      ],
      "/Users/ben.smith.gordon/Desktop/RateMyBook/spec/features/deleting_a_book_spec.rb": [
        1,
        1,
        1,
        1,
        1,
        1,
        null,
        1,
        1,
        null,
        null
      ],
      "/Users/ben.smith.gordon/Desktop/RateMyBook/spec/features/registration_spec.rb": [
        1,
        1,
        1,
        1,
        null,
        null,
        1,
        1,
        1,
        1,
        null,
        null
      ],
      "/Users/ben.smith.gordon/Desktop/RateMyBook/spec/features/updating_a_bookmark_spec.rb": [
        1,
        1,
        1,
        1,
        1,
        1,
        1,
        1,
        1,
        1,
        1,
        1,
        null,
        null
      ],
      "/Users/ben.smith.gordon/Desktop/RateMyBook/spec/features/viewing_books_spec.rb": [
        1,
        1,
        1,
        1,
        1,
        1,
        1,
        1,
        1,
        1,
        1,
        1,
        1,
        null,
        null
      ],
      "/Users/ben.smith.gordon/Desktop/RateMyBook/spec/user_spec.rb": [
        1,
        1,
        1,
        1,
        null,
        1,
        1,
        1,
        null,
        null,
        1,
        1,
        1,
        1,
        null,
        null,
        null,
        1,
        1,
        1,
        1,
        null,
        null,
        1,
        1,
        null,
        null,
        null,
        null,
        1,
        1,
        1,
        1,
        null,
        1,
        null,
        null,
        1,
        1,
        null,
        1,
        null,
        null,
        1,
        1,
        null,
        1,
        null,
        null,
        null,
        null
      ]
    },
    "timestamp": 1547676709
  }
}
